{"level":"info","message":"There are 536 new items added for 20151214","timestamp":"2016-01-04T22:04:37.764Z"}
{"level":"info","message":"the total number of items is 536","timestamp":"2016-01-04T22:05:19.512Z"}
{"level":"info","message":"wrote file /Users/markgable/Sites/data/collectorsDB/advertising_tins/store/advertising_tins.json","timestamp":"2016-01-04T22:05:19.515Z"}
{"level":"info","message":"There are 45 new items added for 20151215","timestamp":"2016-01-04T22:12:23.041Z"}
{"level":"info","message":"the total number of items is 581","timestamp":"2016-01-04T22:12:35.946Z"}
{"level":"info","message":"wrote file /Users/markgable/Sites/data/collectorsDB/advertising_tins/store/advertising_tins.json","timestamp":"2016-01-04T22:12:35.947Z"}
{"level":"info","message":"There are 154 new items added for 20151216","timestamp":"2016-01-04T22:12:47.932Z"}
{"level":"info","message":"the total number of items is 735","timestamp":"2016-01-04T22:13:02.592Z"}
{"level":"info","message":"wrote file /Users/markgable/Sites/data/collectorsDB/advertising_tins/store/advertising_tins.json","timestamp":"2016-01-04T22:13:02.592Z"}
{"level":"info","message":"There are 71 new items added for 20151217","timestamp":"2016-01-04T22:13:22.198Z"}
{"level":"info","message":"the total number of items is 806","timestamp":"2016-01-04T22:13:26.136Z"}
{"level":"info","message":"wrote file /Users/markgable/Sites/data/collectorsDB/advertising_tins/store/advertising_tins.json","timestamp":"2016-01-04T22:13:26.137Z"}
{"level":"info","message":"There are 54 new items added for 20151218","timestamp":"2016-01-04T22:13:32.345Z"}
{"level":"info","message":"the total number of items is 860","timestamp":"2016-01-04T22:13:41.016Z"}
{"level":"info","message":"wrote file /Users/markgable/Sites/data/collectorsDB/advertising_tins/store/advertising_tins.json","timestamp":"2016-01-04T22:13:41.018Z"}
{"level":"info","message":"There are 161 new items added for 20151219","timestamp":"2016-01-04T22:13:53.052Z"}
{"level":"info","message":"the total number of items is 1021","timestamp":"2016-01-04T22:14:07.984Z"}
{"level":"info","message":"wrote file /Users/markgable/Sites/data/collectorsDB/advertising_tins/store/advertising_tins.json","timestamp":"2016-01-04T22:14:07.986Z"}
{"level":"info","message":"There are 16 new items added for 20151220","timestamp":"2016-01-04T22:14:25.581Z"}
{"level":"info","message":"the total number of items is 1037","timestamp":"2016-01-04T22:14:32.803Z"}
{"level":"info","message":"wrote file /Users/markgable/Sites/data/collectorsDB/advertising_tins/store/advertising_tins.json","timestamp":"2016-01-04T22:14:32.804Z"}
{"level":"info","message":"There are 154 new items added for 20151221","timestamp":"2016-01-04T22:14:37.434Z"}
{"level":"info","message":"the total number of items is 1191","timestamp":"2016-01-04T22:14:46.222Z"}
{"level":"info","message":"wrote file /Users/markgable/Sites/data/collectorsDB/advertising_tins/store/advertising_tins.json","timestamp":"2016-01-04T22:14:46.223Z"}
{"level":"info","message":"There are 71 new items added for 20151222","timestamp":"2016-01-04T22:14:54.591Z"}
{"level":"info","message":"the total number of items is 1262","timestamp":"2016-01-04T22:15:02.153Z"}
{"level":"info","message":"wrote file /Users/markgable/Sites/data/collectorsDB/advertising_tins/store/advertising_tins.json","timestamp":"2016-01-04T22:15:02.154Z"}
{"level":"info","message":"There are 92 new items added for 20151223","timestamp":"2016-01-04T22:15:09.803Z"}
{"level":"info","message":"the total number of items is 1354","timestamp":"2016-01-04T22:15:15.099Z"}
{"level":"info","message":"wrote file /Users/markgable/Sites/data/collectorsDB/advertising_tins/store/advertising_tins.json","timestamp":"2016-01-04T22:15:15.100Z"}
{"level":"info","message":"There are 44 new items added for 20151224","timestamp":"2016-01-04T22:15:21.693Z"}
{"level":"info","message":"the total number of items is 1398","timestamp":"2016-01-04T22:15:25.845Z"}
{"level":"info","message":"wrote file /Users/markgable/Sites/data/collectorsDB/advertising_tins/store/advertising_tins.json","timestamp":"2016-01-04T22:15:25.846Z"}
{"level":"info","message":"There are 47 new items added for 20151225","timestamp":"2016-01-04T22:15:31.291Z"}
{"level":"info","message":"the total number of items is 1445","timestamp":"2016-01-04T22:15:35.197Z"}
{"level":"info","message":"wrote file /Users/markgable/Sites/data/collectorsDB/advertising_tins/store/advertising_tins.json","timestamp":"2016-01-04T22:15:35.198Z"}
{"level":"info","message":"There are 35 new items added for 20151226","timestamp":"2016-01-04T22:15:38.835Z"}
{"level":"info","message":"the total number of items is 1480","timestamp":"2016-01-04T22:15:41.343Z"}
{"level":"info","message":"wrote file /Users/markgable/Sites/data/collectorsDB/advertising_tins/store/advertising_tins.json","timestamp":"2016-01-04T22:15:41.344Z"}
{"level":"info","message":"There are 66 new items added for 20151227","timestamp":"2016-01-04T22:15:46.189Z"}
{"level":"info","message":"the total number of items is 1546","timestamp":"2016-01-04T22:15:51.102Z"}
{"level":"info","message":"wrote file /Users/markgable/Sites/data/collectorsDB/advertising_tins/store/advertising_tins.json","timestamp":"2016-01-04T22:15:51.103Z"}
{"level":"info","message":"There are 87 new items added for 20151228","timestamp":"2016-01-04T22:15:59.015Z"}
{"level":"info","message":"the total number of items is 1633","timestamp":"2016-01-04T22:16:04.178Z"}
{"level":"info","message":"wrote file /Users/markgable/Sites/data/collectorsDB/advertising_tins/store/advertising_tins.json","timestamp":"2016-01-04T22:16:04.179Z"}
{"level":"info","message":"There are 64 new items added for 20151229","timestamp":"2016-01-04T22:16:08.195Z"}
{"level":"info","message":"the total number of items is 1697","timestamp":"2016-01-04T22:16:12.539Z"}
{"level":"info","message":"wrote file /Users/markgable/Sites/data/collectorsDB/advertising_tins/store/advertising_tins.json","timestamp":"2016-01-04T22:16:12.540Z"}
{"level":"info","message":"There are 54 new items added for 20151230","timestamp":"2016-01-04T22:16:20.917Z"}
{"level":"info","message":"the total number of items is 1751","timestamp":"2016-01-04T22:16:24.935Z"}
{"level":"info","message":"wrote file /Users/markgable/Sites/data/collectorsDB/advertising_tins/store/advertising_tins.json","timestamp":"2016-01-04T22:16:24.936Z"}
{"level":"info","message":"There are 54 new items added for 20151231","timestamp":"2016-01-04T22:16:29.256Z"}
{"level":"info","message":"the total number of items is 1805","timestamp":"2016-01-04T22:16:33.447Z"}
{"level":"info","message":"wrote file /Users/markgable/Sites/data/collectorsDB/advertising_tins/store/advertising_tins.json","timestamp":"2016-01-04T22:16:33.448Z"}
{"level":"info","message":"There are 32 new items added for 20160101","timestamp":"2016-01-04T22:16:42.483Z"}
{"level":"info","message":"the total number of items is 1837","timestamp":"2016-01-04T22:16:45.172Z"}
{"level":"info","message":"wrote file /Users/markgable/Sites/data/collectorsDB/advertising_tins/store/advertising_tins.json","timestamp":"2016-01-04T22:16:45.173Z"}
{"level":"info","message":"There are 31 new items added for 20160102","timestamp":"2016-01-04T22:16:50.167Z"}
{"level":"info","message":"the total number of items is 1868","timestamp":"2016-01-04T22:16:54.373Z"}
{"level":"info","message":"wrote file /Users/markgable/Sites/data/collectorsDB/advertising_tins/store/advertising_tins.json","timestamp":"2016-01-04T22:16:54.373Z"}
{"level":"info","message":"There are 47 new items added for 20160103","timestamp":"2016-01-04T22:17:01.128Z"}
{"level":"info","message":"the total number of items is 1915","timestamp":"2016-01-04T22:17:05.191Z"}
{"level":"info","message":"wrote file /Users/markgable/Sites/data/collectorsDB/advertising_tins/store/advertising_tins.json","timestamp":"2016-01-04T22:17:05.191Z"}
{"level":"info","message":"There are 114 new items added for 20160104","timestamp":"2016-01-04T22:17:08.842Z"}
{"level":"info","message":"the total number of items is 2029","timestamp":"2016-01-04T22:17:16.002Z"}
{"level":"info","message":"wrote file /Users/markgable/Sites/data/collectorsDB/advertising_tins/store/advertising_tins.json","timestamp":"2016-01-04T22:17:16.003Z"}
{"level":"info","message":"There are 114 new items added for 20160104","timestamp":"2016-01-04T22:40:06.491Z"}
{"level":"info","message":"Just a test - nothing saved","timestamp":"2016-01-04T22:40:22.067Z"}
{"level":"info","message":"There are 93 new items added for 20160105","timestamp":"2016-01-05T16:47:29.260Z"}
{"level":"info","message":"the total number of items is 2122","timestamp":"2016-01-05T16:47:35.642Z"}
{"level":"info","message":"wrote file /Users/markgable/Sites/data/collectorsDB/advertising_tins/store/advertising_tins.json","timestamp":"2016-01-05T16:47:35.642Z"}
{"level":"info","message":"There are 536 new items added for 20151214","timestamp":"2016-01-07T15:24:07.225Z"}
{"level":"info","message":"There are 536 new items added for 20151214","timestamp":"2016-01-07T15:35:39.528Z"}
{"level":"info","message":"There are 101 new items added for 20160105","timestamp":"2016-01-07T15:43:20.710Z"}
{"level":"info","message":"the total number of items is 2130","timestamp":"2016-01-07T15:43:33.518Z"}
{"level":"info","message":"wrote file /Users/markgable/Sites/data/collectorsDB/advertising_tins/store/advertising_tins.json","timestamp":"2016-01-07T15:43:33.519Z"}
{"level":"info","message":"There are 69 new items added for 20160106","timestamp":"2016-01-07T15:44:32.037Z"}
{"level":"info","message":"the total number of items is 2199","timestamp":"2016-01-07T15:44:37.417Z"}
{"level":"info","message":"wrote file /Users/markgable/Sites/data/collectorsDB/advertising_tins/store/advertising_tins.json","timestamp":"2016-01-07T15:44:37.418Z"}
{"level":"info","message":"There are 56 new items added for 20160107","timestamp":"2016-01-07T15:45:46.709Z"}
{"level":"info","message":"the total number of items is 2255","timestamp":"2016-01-07T15:45:51.701Z"}
{"level":"info","message":"wrote file /Users/markgable/Sites/data/collectorsDB/advertising_tins/store/advertising_tins.json","timestamp":"2016-01-07T15:45:51.702Z"}
{"level":"info","message":"There are 56 new items added for 20160107","timestamp":"2016-01-07T21:50:42.533Z"}
{"level":"info","message":"saving diff file /Users/markgable/Sites/data/collectorsDB/advertising_tins/diffs/2016/01/07/advertising_tins.json","timestamp":"2016-01-07T21:50:50.063Z"}
{"level":"info","message":"the total number of items is 2311","timestamp":"2016-01-07T21:50:50.064Z"}
{"level":"info","message":"wrote file /Users/markgable/Sites/data/collectorsDB/advertising_tins/store/advertising_tins.json","timestamp":"2016-01-07T21:50:50.064Z"}
{"level":"info","message":"/ajax/category-auctions.php?id=1175&sort=completed&limit=1000&offset=0","timestamp":"2016-01-08T16:21:38.946Z"}
{"level":"info","message":"wrote file /Users/markgable/Sites/data/collectorsDB/advertising_tins/raw/20160108/advertising_tins_20160108.json","timestamp":"2016-01-08T16:21:39.545Z"}
{"level":"info","message":"There are 70 new items added for 20160108","timestamp":"2016-01-08T16:24:31.379Z"}
{"level":"info","message":"saving diff file /Users/markgable/Sites/data/collectorsDB/advertising_tins/diffs/2016/01/08/advertising_tins.json","timestamp":"2016-01-08T16:24:36.473Z"}
{"level":"info","message":"the total number of items is 2325","timestamp":"2016-01-08T16:24:36.474Z"}
{"level":"info","message":"wrote file /Users/markgable/Sites/data/collectorsDB/advertising_tins/store/advertising_tins.json","timestamp":"2016-01-08T16:24:36.475Z"}
{"level":"info","message":"There are 70 new items added for 20160108","timestamp":"2016-01-08T16:29:45.493Z"}
{"level":"info","message":"the total number of items is 2325","timestamp":"2016-01-08T16:29:49.786Z"}
{"level":"info","message":"wrote file /Users/markgable/Sites/data/collectorsDB/advertising_tins/store/advertising_tins.json","timestamp":"2016-01-08T16:29:49.787Z"}
